<?xml version="1.0" encoding="UTF-8"?>
<!-- Generated by org.testng.reporters.JUnitReportReporter -->
<testsuite hostname="DESKTOP-44KT022" failures="0" tests="2" name="testNG.OrangeHrm" time="3.384" errors="0" timestamp="2025-05-11T17:45:01 IST" skipped="0">
  <testcase classname="testNG.OrangeHrm" name="test_login" time="0.991"/>
  <testcase classname="testNG.OrangeHrm" name="test_login" time="2.393"/>
</testsuite> <!-- testNG.OrangeHrm -->
