<?xml version="1.0" encoding="UTF-8"?>
<!-- Generated by org.testng.reporters.JUnitReportReporter -->
<testsuite hostname="DESKTOP-44KT022" failures="0" tests="2" name="testNG.Grouping3" time="0.013" errors="0" timestamp="2025-05-11T16:55:17 IST" skipped="0">
  <testcase classname="testNG.Grouping3" name="test_paymentInRupees" time="0.005"/>
  <testcase classname="testNG.Grouping3" name="test_paymentInDollars" time="0.008"/>
</testsuite> <!-- testNG.Grouping3 -->
