<?xml version="1.0" encoding="UTF-8"?>
<!-- Generated by org.testng.reporters.JUnitReportReporter -->
<testsuite hostname="DESKTOP-44KT022" failures="0" tests="1" name="apiTesting3gson.ApiTestGson" time="7.313" errors="0" timestamp="2025-04-20T18:55:40 IST" skipped="0">
  <testcase classname="apiTesting3gson.ApiTestGson" name="testgson" time="7.313"/>
</testsuite> <!-- apiTesting3gson.ApiTestGson -->
