<?xml version="1.0" encoding="UTF-8"?>
<!-- Generated by org.testng.reporters.JUnitReportReporter -->
<testsuite hostname="DESKTOP-44KT022" failures="0" tests="3" name="testNG.Grouping2" time="0.012" errors="0" timestamp="2025-05-11T16:53:02 IST" skipped="0">
  <testcase classname="testNG.Grouping2" name="test_signupByEmail" time="0.002"/>
  <testcase classname="testNG.Grouping2" name="test_signupByTwitter" time="0.004"/>
  <testcase classname="testNG.Grouping2" name="test_signupByFacebook" time="0.006"/>
</testsuite> <!-- testNG.Grouping2 -->
