<?xml version="1.0" encoding="UTF-8"?>
<!-- Generated by org.testng.reporters.JUnitReportReporter -->
<testsuite hostname="DESKTOP-44KT022" failures="0" tests="3" name="testNG.Grouping" time="0.032" errors="0" timestamp="2025-05-11T16:56:04 IST" skipped="0">
  <testcase classname="testNG.Grouping" name="test_loginByFacebook" time="0.003"/>
  <testcase classname="testNG.Grouping" name="test_loginByTwitter" time="0.005"/>
  <testcase classname="testNG.Grouping" name="test_loginByEmail" time="0.024"/>
</testsuite> <!-- testNG.Grouping -->
