<?xml version="1.0" encoding="UTF-8"?>
<!-- Generated by org.testng.reporters.JUnitReportReporter -->
<testsuite hostname="DESKTOP-44KT022" failures="0" tests="3" name="testNG.TestNgdemo" time="0.035" errors="0" timestamp="2025-05-11T16:28:31 IST" skipped="0">
  <testcase classname="testNG.TestNgdemo" name="testlogin" time="0.029"/>
  <testcase classname="testNG.TestNgdemo" name="testsearch" time="0.003"/>
  <testcase classname="testNG.TestNgdemo" name="testlogOut" time="0.003"/>
</testsuite> <!-- testNG.TestNgdemo -->
