<?xml version="1.0" encoding="UTF-8"?>
<!-- Generated by org.testng.reporters.JUnitReportReporter -->
<testsuite hostname="DESKTOP-44KT022" failures="0" tests="1" name="apiTesting2.PutRequest" time="5.284" errors="0" timestamp="2025-04-19T17:14:13 IST" skipped="0">
  <testcase classname="apiTesting2.PutRequest" name="testPut" time="5.284"/>
</testsuite> <!-- apiTesting2.PutRequest -->
