<?xml version="1.0" encoding="UTF-8"?>
<!-- Generated by org.testng.reporters.JUnitReportReporter -->
<testsuite hostname="DESKTOP-44KT022" failures="0" tests="1" name="screenshot.TakeScrrenShot" time="1.901" errors="0" timestamp="2025-04-15T18:50:22 IST" skipped="0">
  <testcase classname="screenshot.TakeScrrenShot" name="testTS" time="1.901"/>
</testsuite> <!-- screenshot.TakeScrrenShot -->
