<?xml version="1.0" encoding="UTF-8"?>
<!-- Generated by org.testng.reporters.JUnitReportReporter -->
<testsuite hostname="DESKTOP-44KT022" failures="0" tests="3" name="datadriventest.TestNGDataProvider" time="36.693" errors="0" timestamp="2025-04-25T09:25:10 IST" skipped="0">
  <testcase classname="datadriventest.TestNGDataProvider" name="testlogin" time="9.809"/>
  <testcase classname="datadriventest.TestNGDataProvider" name="testlogin" time="19.970"/>
  <testcase classname="datadriventest.TestNGDataProvider" name="testlogin" time="6.914"/>
</testsuite> <!-- datadriventest.TestNGDataProvider -->
