<?xml version="1.0" encoding="UTF-8"?>
<!-- Generated by org.testng.reporters.JUnitReportReporter -->
<testsuite hostname="DESKTOP-44KT022" failures="0" tests="1" name="apiTesting2.GetRequestBooks" time="4.929" errors="0" timestamp="2025-04-19T16:15:06 IST" skipped="0">
  <testcase classname="apiTesting2.GetRequestBooks" name="testPostRequest" time="4.929"/>
</testsuite> <!-- apiTesting2.GetRequestBooks -->
