<?xml version="1.0" encoding="UTF-8"?>
<!-- Generated by org.testng.reporters.JUnitReportReporter -->
<testsuite hostname="DESKTOP-44KT022" failures="0" tests="2" name="testNG.DataProviderDemo" time="15.594" errors="0" timestamp="2025-05-11T19:41:03 IST" skipped="0">
  <testcase classname="testNG.DataProviderDemo" name="test_login" time="8.252"/>
  <testcase classname="testNG.DataProviderDemo" name="test_login" time="7.342"/>
</testsuite> <!-- testNG.DataProviderDemo -->
