<?xml version="1.0" encoding="UTF-8"?>
<!-- Generated by org.testng.reporters.JUnitReportReporter -->
<testsuite hostname="DESKTOP-44KT022" failures="0" tests="1" name="apiTesting2.PostRequestBooks" time="4.938" errors="0" timestamp="2025-04-19T16:48:24 IST" skipped="0">
  <testcase classname="apiTesting2.PostRequestBooks" name="testPostRequest" time="4.938"/>
</testsuite> <!-- apiTesting2.PostRequestBooks -->
