<?xml version="1.0" encoding="UTF-8"?>
<!-- Generated by org.testng.reporters.JUnitReportReporter -->
<testsuite hostname="DESKTOP-44KT022" failures="0" tests="3" name="testngmethods.dataProvider" time="6.699" errors="0" timestamp="2025-04-10T15:33:46 IST" skipped="0">
  <testcase classname="testngmethods.dataProvider" name="testLogin" time="1.799"/>
  <testcase classname="testngmethods.dataProvider" name="testLogin" time="2.894"/>
  <testcase classname="testngmethods.dataProvider" name="testLogin" time="2.006"/>
</testsuite> <!-- testngmethods.dataProvider -->
