<?xml version="1.0" encoding="UTF-8"?>
<!-- Generated by org.testng.reporters.JUnitReportReporter -->
<testsuite hostname="DESKTOP-44KT022" failures="0" tests="1" name="apiTesting3.TestPayload" time="6.440" errors="0" timestamp="2025-04-20T16:40:39 IST" skipped="0">
  <testcase classname="apiTesting3.TestPayload" name="test_Post" time="6.440"/>
</testsuite> <!-- apiTesting3.TestPayload -->
