<?xml version="1.0" encoding="UTF-8"?>
<!-- Generated by org.testng.reporters.JUnitReportReporter -->
<testsuite hostname="DESKTOP-44KT022" failures="0" tests="1" name="testCases.Tc002_loginTest" time="2.879" errors="0" timestamp="2025-04-14T17:06:35 IST" skipped="0">
  <testcase classname="testCases.Tc002_loginTest" name="testLogin" time="2.879"/>
</testsuite> <!-- testCases.Tc002_loginTest -->
