<?xml version="1.0" encoding="UTF-8"?>
<!-- Generated by org.testng.reporters.JUnitReportReporter -->
<testsuite hostname="DESKTOP-44KT022" failures="0" tests="2" name="testCases.TC001_registrationTest" time="12.353" errors="0" timestamp="2025-04-14T17:13:29 IST" skipped="0">
  <testcase classname="testCases.TC001_registrationTest" name="verifyregistration" time="6.233"/>
  <testcase classname="testCases.TC001_registrationTest" name="verifyregistration" time="6.120"/>
</testsuite> <!-- testCases.TC001_registrationTest -->
